#-----------------------------------------------------------
# Vivado v2019.1 (64-bit)
# SW Build 2552052 on Fri May 24 14:49:42 MDT 2019
# IP Build 2548770 on Fri May 24 18:01:18 MDT 2019
# Start of session at: Mon Jul 20 18:57:08 2020
# Process ID: 10064
# Current directory: C:/Users/HP/Desktop/Vivado Projects/digital_lock_v_2.0
# Command line: vivado.exe -gui_launcher_event rodinguilauncherevent5340 C:\Users\HP\Desktop\Vivado Projects\digital_lock_v_2.0\digital_lock_v_2.0.xpr
# Log file: C:/Users/HP/Desktop/Vivado Projects/digital_lock_v_2.0/vivado.log
# Journal file: C:/Users/HP/Desktop/Vivado Projects/digital_lock_v_2.0\vivado.jou
#-----------------------------------------------------------
start_gui
open_project {C:/Users/HP/Desktop/Vivado Projects/digital_lock_v_2.0/digital_lock_v_2.0.xpr}
Scanning sources...
Finished scanning sources
INFO: [IP_Flow 19-234] Refreshing IP repositories
INFO: [IP_Flow 19-1704] No user IP repositories specified
INFO: [IP_Flow 19-2313] Loaded Vivado IP repository 'C:/Xilinx/Vivado/2019.1/data/ip'.
open_project: Time (s): cpu = 00:00:16 ; elapsed = 00:00:06 . Memory (MB): peak = 738.551 ; gain = 60.203
exit
INFO: [Common 17-206] Exiting Vivado at Mon Jul 20 18:57:31 2020...
