#-----------------------------------------------------------
# Vivado v2019.1 (64-bit)
# SW Build 2552052 on Fri May 24 14:49:42 MDT 2019
# IP Build 2548770 on Fri May 24 18:01:18 MDT 2019
# Start of session at: Wed Jun 17 11:31:00 2020
# Process ID: 8276
# Current directory: C:/Users/HP/Desktop/Vivado Projects/digital_lock_v_2.0
# Command line: vivado.exe -gui_launcher_event rodinguilauncherevent2212 C:\Users\HP\Desktop\Vivado Projects\digital_lock_v_2.0\digital_lock_v_2.0.xpr
# Log file: C:/Users/HP/Desktop/Vivado Projects/digital_lock_v_2.0/vivado.log
# Journal file: C:/Users/HP/Desktop/Vivado Projects/digital_lock_v_2.0\vivado.jou
#-----------------------------------------------------------
start_gui
open_project {C:/Users/HP/Desktop/Vivado Projects/digital_lock_v_2.0/digital_lock_v_2.0.xpr}
Scanning sources...
Finished scanning sources
INFO: [IP_Flow 19-234] Refreshing IP repositories
INFO: [IP_Flow 19-1704] No user IP repositories specified
INFO: [IP_Flow 19-2313] Loaded Vivado IP repository 'C:/Xilinx/Vivado/2019.1/data/ip'.
update_compile_order -fileset sources_1
open_hw
connect_hw_server
INFO: [Labtools 27-2285] Connecting to hw_server url TCP:localhost:3121
INFO: [Labtools 27-2222] Launching hw_server...
INFO: [Labtools 27-2221] Launch Output:

****** Xilinx hw_server v2019.1
  **** Build date : May 24 2019 at 15:13:31
    ** Copyright 1986-2019 Xilinx, Inc. All Rights Reserved.


open_hw_target
INFO: [Labtoolstcl 44-466] Opening hw_target localhost:3121/xilinx_tcf/Digilent/210292AA76D5A
set_property PROGRAM.FILE {C:/Users/HP/Desktop/Vivado Projects/digital_lock_v_2.0/digital_lock_v_2.0.runs/impl_1/digital_safe2.bit} [get_hw_devices xc7a100t_0]
current_hw_device [get_hw_devices xc7a100t_0]
refresh_hw_device -update_hw_probes false [lindex [get_hw_devices xc7a100t_0] 0]
INFO: [Labtools 27-1435] Device xc7a100t (JTAG device index = 0) is not programmed (DONE status = 0).
set_property PROBES.FILE {} [get_hw_devices xc7a100t_0]
set_property FULL_PROBES.FILE {} [get_hw_devices xc7a100t_0]
set_property PROGRAM.FILE {C:/Users/HP/Desktop/Vivado Projects/digital_lock_v_2.0/digital_lock_v_2.0.runs/impl_1/digital_safe2.bit} [get_hw_devices xc7a100t_0]
program_hw_devices [get_hw_devices xc7a100t_0]
INFO: [Labtools 27-3164] End of startup status: HIGH
refresh_hw_device [lindex [get_hw_devices xc7a100t_0] 0]
INFO: [Labtools 27-1434] Device xc7a100t (JTAG device index = 0) is programmed with a design that has no supported debug core(s) in it.
ERROR: [Labtoolstcl 44-513] HW Target shutdown. Closing target: localhost:3121/xilinx_tcf/Digilent/210292AA76D5A
close_hw
reset_run synth_1
launch_runs impl_1 -to_step write_bitstream -jobs 4
[Wed Jun 17 11:55:43 2020] Launched synth_1...
Run output will be captured here: C:/Users/HP/Desktop/Vivado Projects/digital_lock_v_2.0/digital_lock_v_2.0.runs/synth_1/runme.log
[Wed Jun 17 11:55:43 2020] Launched impl_1...
Run output will be captured here: C:/Users/HP/Desktop/Vivado Projects/digital_lock_v_2.0/digital_lock_v_2.0.runs/impl_1/runme.log
reset_run synth_1
launch_runs impl_1 -to_step write_bitstream -jobs 4
[Wed Jun 17 11:56:24 2020] Launched synth_1...
Run output will be captured here: C:/Users/HP/Desktop/Vivado Projects/digital_lock_v_2.0/digital_lock_v_2.0.runs/synth_1/runme.log
[Wed Jun 17 11:56:24 2020] Launched impl_1...
Run output will be captured here: C:/Users/HP/Desktop/Vivado Projects/digital_lock_v_2.0/digital_lock_v_2.0.runs/impl_1/runme.log
reset_run impl_1
reset_run synth_1
launch_runs impl_1 -to_step write_bitstream -jobs 4
[Wed Jun 17 12:01:39 2020] Launched synth_1...
Run output will be captured here: C:/Users/HP/Desktop/Vivado Projects/digital_lock_v_2.0/digital_lock_v_2.0.runs/synth_1/runme.log
[Wed Jun 17 12:01:39 2020] Launched impl_1...
Run output will be captured here: C:/Users/HP/Desktop/Vivado Projects/digital_lock_v_2.0/digital_lock_v_2.0.runs/impl_1/runme.log
open_hw
connect_hw_server
INFO: [Labtools 27-2285] Connecting to hw_server url TCP:localhost:3121
INFO: [Labtools 27-2222] Launching hw_server...
INFO: [Labtools 27-2221] Launch Output:

****** Xilinx hw_server v2019.1
  **** Build date : May 24 2019 at 15:13:31
    ** Copyright 1986-2019 Xilinx, Inc. All Rights Reserved.


open_hw_target
INFO: [Labtoolstcl 44-466] Opening hw_target localhost:3121/xilinx_tcf/Digilent/210292AA76D5A
ERROR: [Labtools 27-2269] No devices detected on target localhost:3121/xilinx_tcf/Digilent/210292AA76D5A.
Check cable connectivity and that the target board is powered up then
use the disconnect_hw_server and connect_hw_server to re-register this hardware target.
ERROR: [Common 17-39] 'open_hw_target' failed due to earlier errors.
set_property PROBES.FILE {} [get_hw_devices xc7a100t_0]
set_property FULL_PROBES.FILE {} [get_hw_devices xc7a100t_0]
set_property PROGRAM.FILE {C:/Users/HP/Desktop/Vivado Projects/digital_lock_v_2.0/digital_lock_v_2.0.runs/impl_1/digital_safe2.bit} [get_hw_devices xc7a100t_0]
program_hw_devices [get_hw_devices xc7a100t_0]
INFO: [Labtools 27-3164] End of startup status: HIGH
refresh_hw_device [lindex [get_hw_devices xc7a100t_0] 0]
INFO: [Labtools 27-1434] Device xc7a100t (JTAG device index = 0) is programmed with a design that has no supported debug core(s) in it.
reset_run impl_1 -prev_step 
launch_runs impl_1 -to_step write_bitstream -jobs 4
[Wed Jun 17 12:05:23 2020] Launched impl_1...
Run output will be captured here: C:/Users/HP/Desktop/Vivado Projects/digital_lock_v_2.0/digital_lock_v_2.0.runs/impl_1/runme.log
ERROR: [Labtoolstcl 44-513] HW Target shutdown. Closing target: localhost:3121/xilinx_tcf/Digilent/210292AA76D5A
close_hw
reset_run synth_1
WARNING: [Vivado 12-1017] Problems encountered:
1. Failed to delete one or more files in run directory C:/Users/HP/Desktop/Vivado Projects/digital_lock_v_2.0/digital_lock_v_2.0.runs/synth_1

launch_runs synth_1 -jobs 4
[Wed Jun 17 12:05:39 2020] Launched synth_1...
Run output will be captured here: C:/Users/HP/Desktop/Vivado Projects/digital_lock_v_2.0/digital_lock_v_2.0.runs/synth_1/runme.log
launch_runs impl_1 -jobs 4
[Wed Jun 17 12:06:37 2020] Launched impl_1...
Run output will be captured here: C:/Users/HP/Desktop/Vivado Projects/digital_lock_v_2.0/digital_lock_v_2.0.runs/impl_1/runme.log
launch_runs impl_1 -to_step write_bitstream -jobs 4
[Wed Jun 17 12:09:26 2020] Launched impl_1...
Run output will be captured here: C:/Users/HP/Desktop/Vivado Projects/digital_lock_v_2.0/digital_lock_v_2.0.runs/impl_1/runme.log
open_hw
connect_hw_server
INFO: [Labtools 27-2285] Connecting to hw_server url TCP:localhost:3121
INFO: [Labtools 27-2222] Launching hw_server...
INFO: [Labtools 27-2221] Launch Output:

****** Xilinx hw_server v2019.1
  **** Build date : May 24 2019 at 15:13:31
    ** Copyright 1986-2019 Xilinx, Inc. All Rights Reserved.


open_hw_target
INFO: [Labtoolstcl 44-466] Opening hw_target localhost:3121/xilinx_tcf/Digilent/210292AA76D5A
set_property PROGRAM.FILE {C:/Users/HP/Desktop/Vivado Projects/digital_lock_v_2.0/digital_lock_v_2.0.runs/impl_1/digital_safe2.bit} [get_hw_devices xc7a100t_0]
current_hw_device [get_hw_devices xc7a100t_0]
refresh_hw_device -update_hw_probes false [lindex [get_hw_devices xc7a100t_0] 0]
INFO: [Labtools 27-1435] Device xc7a100t (JTAG device index = 0) is not programmed (DONE status = 0).
set_property PROBES.FILE {} [get_hw_devices xc7a100t_0]
set_property FULL_PROBES.FILE {} [get_hw_devices xc7a100t_0]
set_property PROGRAM.FILE {C:/Users/HP/Desktop/Vivado Projects/digital_lock_v_2.0/digital_lock_v_2.0.runs/impl_1/digital_safe2.bit} [get_hw_devices xc7a100t_0]
program_hw_devices [get_hw_devices xc7a100t_0]
INFO: [Labtools 27-3164] End of startup status: HIGH
refresh_hw_device [lindex [get_hw_devices xc7a100t_0] 0]
INFO: [Labtools 27-1434] Device xc7a100t (JTAG device index = 0) is programmed with a design that has no supported debug core(s) in it.
close_hw
reset_run synth_1
launch_runs impl_1 -to_step write_bitstream -jobs 4
[Wed Jun 17 12:19:48 2020] Launched synth_1...
Run output will be captured here: C:/Users/HP/Desktop/Vivado Projects/digital_lock_v_2.0/digital_lock_v_2.0.runs/synth_1/runme.log
[Wed Jun 17 12:19:48 2020] Launched impl_1...
Run output will be captured here: C:/Users/HP/Desktop/Vivado Projects/digital_lock_v_2.0/digital_lock_v_2.0.runs/impl_1/runme.log
open_hw
connect_hw_server
INFO: [Labtools 27-2285] Connecting to hw_server url TCP:localhost:3121
INFO: [Labtools 27-2222] Launching hw_server...
INFO: [Labtools 27-2221] Launch Output:

****** Xilinx hw_server v2019.1
  **** Build date : May 24 2019 at 15:13:31
    ** Copyright 1986-2019 Xilinx, Inc. All Rights Reserved.


open_hw_target
INFO: [Labtoolstcl 44-466] Opening hw_target localhost:3121/xilinx_tcf/Digilent/210292AA76D5A
set_property PROGRAM.FILE {C:/Users/HP/Desktop/Vivado Projects/digital_lock_v_2.0/digital_lock_v_2.0.runs/impl_1/digital_safe2.bit} [get_hw_devices xc7a100t_0]
current_hw_device [get_hw_devices xc7a100t_0]
refresh_hw_device -update_hw_probes false [lindex [get_hw_devices xc7a100t_0] 0]
INFO: [Labtools 27-1435] Device xc7a100t (JTAG device index = 0) is not programmed (DONE status = 0).
set_property PROBES.FILE {} [get_hw_devices xc7a100t_0]
set_property FULL_PROBES.FILE {} [get_hw_devices xc7a100t_0]
set_property PROGRAM.FILE {C:/Users/HP/Desktop/Vivado Projects/digital_lock_v_2.0/digital_lock_v_2.0.runs/impl_1/digital_safe2.bit} [get_hw_devices xc7a100t_0]
program_hw_devices [get_hw_devices xc7a100t_0]
INFO: [Labtools 27-3164] End of startup status: HIGH
refresh_hw_device [lindex [get_hw_devices xc7a100t_0] 0]
INFO: [Labtools 27-1434] Device xc7a100t (JTAG device index = 0) is programmed with a design that has no supported debug core(s) in it.
close_hw
reset_run synth_1
launch_runs impl_1 -to_step write_bitstream -jobs 4
[Wed Jun 17 12:25:07 2020] Launched synth_1...
Run output will be captured here: C:/Users/HP/Desktop/Vivado Projects/digital_lock_v_2.0/digital_lock_v_2.0.runs/synth_1/runme.log
[Wed Jun 17 12:25:07 2020] Launched impl_1...
Run output will be captured here: C:/Users/HP/Desktop/Vivado Projects/digital_lock_v_2.0/digital_lock_v_2.0.runs/impl_1/runme.log
open_hw
connect_hw_server
INFO: [Labtools 27-2285] Connecting to hw_server url TCP:localhost:3121
INFO: [Labtools 27-2222] Launching hw_server...
INFO: [Labtools 27-2221] Launch Output:

****** Xilinx hw_server v2019.1
  **** Build date : May 24 2019 at 15:13:31
    ** Copyright 1986-2019 Xilinx, Inc. All Rights Reserved.


open_hw_target
INFO: [Labtoolstcl 44-466] Opening hw_target localhost:3121/xilinx_tcf/Digilent/210292AA76D5A
set_property PROGRAM.FILE {C:/Users/HP/Desktop/Vivado Projects/digital_lock_v_2.0/digital_lock_v_2.0.runs/impl_1/digital_safe2.bit} [get_hw_devices xc7a100t_0]
current_hw_device [get_hw_devices xc7a100t_0]
refresh_hw_device -update_hw_probes false [lindex [get_hw_devices xc7a100t_0] 0]
INFO: [Labtools 27-1435] Device xc7a100t (JTAG device index = 0) is not programmed (DONE status = 0).
set_property PROBES.FILE {} [get_hw_devices xc7a100t_0]
set_property FULL_PROBES.FILE {} [get_hw_devices xc7a100t_0]
set_property PROGRAM.FILE {C:/Users/HP/Desktop/Vivado Projects/digital_lock_v_2.0/digital_lock_v_2.0.runs/impl_1/digital_safe2.bit} [get_hw_devices xc7a100t_0]
program_hw_devices [get_hw_devices xc7a100t_0]
INFO: [Labtools 27-3164] End of startup status: HIGH
refresh_hw_device [lindex [get_hw_devices xc7a100t_0] 0]
INFO: [Labtools 27-1434] Device xc7a100t (JTAG device index = 0) is programmed with a design that has no supported debug core(s) in it.
refresh_hw_device [lindex [get_hw_devices xc7a100t_0] 0]
INFO: [Labtools 27-1434] Device xc7a100t (JTAG device index = 0) is programmed with a design that has no supported debug core(s) in it.
set_property PROBES.FILE {} [get_hw_devices xc7a100t_0]
set_property FULL_PROBES.FILE {} [get_hw_devices xc7a100t_0]
set_property PROGRAM.FILE {C:/Users/HP/Desktop/Vivado Projects/digital_lock_v_2.0/digital_lock_v_2.0.runs/impl_1/digital_safe2.bit} [get_hw_devices xc7a100t_0]
program_hw_devices [get_hw_devices xc7a100t_0]
INFO: [Labtools 27-3164] End of startup status: HIGH
refresh_hw_device [lindex [get_hw_devices xc7a100t_0] 0]
INFO: [Labtools 27-1434] Device xc7a100t (JTAG device index = 0) is programmed with a design that has no supported debug core(s) in it.
close_hw
reset_run impl_1 -prev_step 
launch_runs impl_1 -to_step write_bitstream -jobs 4
[Wed Jun 17 12:33:32 2020] Launched impl_1...
Run output will be captured here: C:/Users/HP/Desktop/Vivado Projects/digital_lock_v_2.0/digital_lock_v_2.0.runs/impl_1/runme.log
reset_run impl_1 -prev_step 
reset_run synth_1
launch_runs impl_1 -to_step write_bitstream -jobs 4
[Wed Jun 17 12:34:14 2020] Launched synth_1...
Run output will be captured here: C:/Users/HP/Desktop/Vivado Projects/digital_lock_v_2.0/digital_lock_v_2.0.runs/synth_1/runme.log
[Wed Jun 17 12:34:14 2020] Launched impl_1...
Run output will be captured here: C:/Users/HP/Desktop/Vivado Projects/digital_lock_v_2.0/digital_lock_v_2.0.runs/impl_1/runme.log
open_hw
connect_hw_server
INFO: [Labtools 27-2285] Connecting to hw_server url TCP:localhost:3121
INFO: [Labtools 27-2222] Launching hw_server...
INFO: [Labtools 27-2221] Launch Output:

****** Xilinx hw_server v2019.1
  **** Build date : May 24 2019 at 15:13:31
    ** Copyright 1986-2019 Xilinx, Inc. All Rights Reserved.


open_hw_target
INFO: [Labtoolstcl 44-466] Opening hw_target localhost:3121/xilinx_tcf/Digilent/210292AA76D5A
set_property PROGRAM.FILE {C:/Users/HP/Desktop/Vivado Projects/digital_lock_v_2.0/digital_lock_v_2.0.runs/impl_1/digital_safe2.bit} [get_hw_devices xc7a100t_0]
current_hw_device [get_hw_devices xc7a100t_0]
refresh_hw_device -update_hw_probes false [lindex [get_hw_devices xc7a100t_0] 0]
INFO: [Labtools 27-1435] Device xc7a100t (JTAG device index = 0) is not programmed (DONE status = 0).
set_property PROBES.FILE {} [get_hw_devices xc7a100t_0]
set_property FULL_PROBES.FILE {} [get_hw_devices xc7a100t_0]
set_property PROGRAM.FILE {C:/Users/HP/Desktop/Vivado Projects/digital_lock_v_2.0/digital_lock_v_2.0.runs/impl_1/digital_safe2.bit} [get_hw_devices xc7a100t_0]
program_hw_devices [get_hw_devices xc7a100t_0]
INFO: [Labtools 27-3164] End of startup status: HIGH
refresh_hw_device [lindex [get_hw_devices xc7a100t_0] 0]
INFO: [Labtools 27-1434] Device xc7a100t (JTAG device index = 0) is programmed with a design that has no supported debug core(s) in it.
close_hw
reset_run synth_1
launch_runs impl_1 -to_step write_bitstream -jobs 4
[Wed Jun 17 12:37:55 2020] Launched synth_1...
Run output will be captured here: C:/Users/HP/Desktop/Vivado Projects/digital_lock_v_2.0/digital_lock_v_2.0.runs/synth_1/runme.log
[Wed Jun 17 12:37:55 2020] Launched impl_1...
Run output will be captured here: C:/Users/HP/Desktop/Vivado Projects/digital_lock_v_2.0/digital_lock_v_2.0.runs/impl_1/runme.log
reset_run impl_1 -prev_step 
reset_run synth_1
launch_runs impl_1 -to_step write_bitstream -jobs 4
[Wed Jun 17 12:43:37 2020] Launched synth_1...
Run output will be captured here: C:/Users/HP/Desktop/Vivado Projects/digital_lock_v_2.0/digital_lock_v_2.0.runs/synth_1/runme.log
[Wed Jun 17 12:43:37 2020] Launched impl_1...
Run output will be captured here: C:/Users/HP/Desktop/Vivado Projects/digital_lock_v_2.0/digital_lock_v_2.0.runs/impl_1/runme.log
open_hw
connect_hw_server
INFO: [Labtools 27-2285] Connecting to hw_server url TCP:localhost:3121
INFO: [Labtools 27-2222] Launching hw_server...
INFO: [Labtools 27-2221] Launch Output:

****** Xilinx hw_server v2019.1
  **** Build date : May 24 2019 at 15:13:31
    ** Copyright 1986-2019 Xilinx, Inc. All Rights Reserved.


open_hw_target
INFO: [Labtoolstcl 44-466] Opening hw_target localhost:3121/xilinx_tcf/Digilent/210292AA76D5A
set_property PROGRAM.FILE {C:/Users/HP/Desktop/Vivado Projects/digital_lock_v_2.0/digital_lock_v_2.0.runs/impl_1/digital_safe2.bit} [get_hw_devices xc7a100t_0]
current_hw_device [get_hw_devices xc7a100t_0]
refresh_hw_device -update_hw_probes false [lindex [get_hw_devices xc7a100t_0] 0]
INFO: [Labtools 27-1435] Device xc7a100t (JTAG device index = 0) is not programmed (DONE status = 0).
set_property PROBES.FILE {} [get_hw_devices xc7a100t_0]
set_property FULL_PROBES.FILE {} [get_hw_devices xc7a100t_0]
set_property PROGRAM.FILE {C:/Users/HP/Desktop/Vivado Projects/digital_lock_v_2.0/digital_lock_v_2.0.runs/impl_1/digital_safe2.bit} [get_hw_devices xc7a100t_0]
program_hw_devices [get_hw_devices xc7a100t_0]
INFO: [Labtools 27-3164] End of startup status: HIGH
refresh_hw_device [lindex [get_hw_devices xc7a100t_0] 0]
INFO: [Labtools 27-1434] Device xc7a100t (JTAG device index = 0) is programmed with a design that has no supported debug core(s) in it.
reset_run synth_1
launch_runs impl_1 -to_step write_bitstream -jobs 4
[Wed Jun 17 12:51:44 2020] Launched synth_1...
Run output will be captured here: C:/Users/HP/Desktop/Vivado Projects/digital_lock_v_2.0/digital_lock_v_2.0.runs/synth_1/runme.log
[Wed Jun 17 12:51:44 2020] Launched impl_1...
Run output will be captured here: C:/Users/HP/Desktop/Vivado Projects/digital_lock_v_2.0/digital_lock_v_2.0.runs/impl_1/runme.log
reset_run impl_1
close_hw
reset_run synth_1
launch_runs impl_1 -to_step write_bitstream -jobs 4
[Wed Jun 17 12:53:34 2020] Launched synth_1...
Run output will be captured here: C:/Users/HP/Desktop/Vivado Projects/digital_lock_v_2.0/digital_lock_v_2.0.runs/synth_1/runme.log
[Wed Jun 17 12:53:34 2020] Launched impl_1...
Run output will be captured here: C:/Users/HP/Desktop/Vivado Projects/digital_lock_v_2.0/digital_lock_v_2.0.runs/impl_1/runme.log
reset_run synth_1
WARNING: [Vivado 12-1017] Problems encountered:
1. PID not specified

launch_runs impl_1 -to_step write_bitstream -jobs 4
[Wed Jun 17 12:55:03 2020] Launched synth_1...
Run output will be captured here: C:/Users/HP/Desktop/Vivado Projects/digital_lock_v_2.0/digital_lock_v_2.0.runs/synth_1/runme.log
[Wed Jun 17 12:55:03 2020] Launched impl_1...
Run output will be captured here: C:/Users/HP/Desktop/Vivado Projects/digital_lock_v_2.0/digital_lock_v_2.0.runs/impl_1/runme.log
open_hw
connect_hw_server
INFO: [Labtools 27-2285] Connecting to hw_server url TCP:localhost:3121
INFO: [Labtools 27-2222] Launching hw_server...
INFO: [Labtools 27-2221] Launch Output:

****** Xilinx hw_server v2019.1
  **** Build date : May 24 2019 at 15:13:31
    ** Copyright 1986-2019 Xilinx, Inc. All Rights Reserved.


open_hw_target
INFO: [Labtoolstcl 44-466] Opening hw_target localhost:3121/xilinx_tcf/Digilent/210292AA76D5A
set_property PROGRAM.FILE {C:/Users/HP/Desktop/Vivado Projects/digital_lock_v_2.0/digital_lock_v_2.0.runs/impl_1/digital_safe2.bit} [get_hw_devices xc7a100t_0]
current_hw_device [get_hw_devices xc7a100t_0]
refresh_hw_device -update_hw_probes false [lindex [get_hw_devices xc7a100t_0] 0]
INFO: [Labtools 27-1435] Device xc7a100t (JTAG device index = 0) is not programmed (DONE status = 0).
set_property PROBES.FILE {} [get_hw_devices xc7a100t_0]
set_property FULL_PROBES.FILE {} [get_hw_devices xc7a100t_0]
set_property PROGRAM.FILE {C:/Users/HP/Desktop/Vivado Projects/digital_lock_v_2.0/digital_lock_v_2.0.runs/impl_1/digital_safe2.bit} [get_hw_devices xc7a100t_0]
program_hw_devices [get_hw_devices xc7a100t_0]
INFO: [Labtools 27-3164] End of startup status: HIGH
refresh_hw_device [lindex [get_hw_devices xc7a100t_0] 0]
INFO: [Labtools 27-1434] Device xc7a100t (JTAG device index = 0) is programmed with a design that has no supported debug core(s) in it.
reset_run synth_1
launch_runs impl_1 -to_step write_bitstream -jobs 4
[Wed Jun 17 13:00:29 2020] Launched synth_1...
Run output will be captured here: C:/Users/HP/Desktop/Vivado Projects/digital_lock_v_2.0/digital_lock_v_2.0.runs/synth_1/runme.log
[Wed Jun 17 13:00:29 2020] Launched impl_1...
Run output will be captured here: C:/Users/HP/Desktop/Vivado Projects/digital_lock_v_2.0/digital_lock_v_2.0.runs/impl_1/runme.log
reset_run synth_1
launch_runs impl_1 -to_step write_bitstream -jobs 4
[Wed Jun 17 13:02:40 2020] Launched synth_1...
Run output will be captured here: C:/Users/HP/Desktop/Vivado Projects/digital_lock_v_2.0/digital_lock_v_2.0.runs/synth_1/runme.log
[Wed Jun 17 13:02:40 2020] Launched impl_1...
Run output will be captured here: C:/Users/HP/Desktop/Vivado Projects/digital_lock_v_2.0/digital_lock_v_2.0.runs/impl_1/runme.log
set_property PROBES.FILE {} [get_hw_devices xc7a100t_0]
set_property FULL_PROBES.FILE {} [get_hw_devices xc7a100t_0]
set_property PROGRAM.FILE {C:/Users/HP/Desktop/Vivado Projects/digital_lock_v_2.0/digital_lock_v_2.0.runs/impl_1/digital_safe2.bit} [get_hw_devices xc7a100t_0]
program_hw_devices [get_hw_devices xc7a100t_0]
INFO: [Labtools 27-3164] End of startup status: HIGH
refresh_hw_device [lindex [get_hw_devices xc7a100t_0] 0]
INFO: [Labtools 27-1434] Device xc7a100t (JTAG device index = 0) is programmed with a design that has no supported debug core(s) in it.
set_property PROBES.FILE {} [get_hw_devices xc7a100t_0]
set_property FULL_PROBES.FILE {} [get_hw_devices xc7a100t_0]
set_property PROGRAM.FILE {C:/Users/HP/Desktop/Vivado Projects/digital_lock_v_2.0/digital_lock_v_2.0.runs/impl_1/digital_safe2.bit} [get_hw_devices xc7a100t_0]
program_hw_devices [get_hw_devices xc7a100t_0]
INFO: [Labtools 27-3164] End of startup status: HIGH
refresh_hw_device [lindex [get_hw_devices xc7a100t_0] 0]
INFO: [Labtools 27-1434] Device xc7a100t (JTAG device index = 0) is programmed with a design that has no supported debug core(s) in it.
reset_run synth_1
launch_runs impl_1 -to_step write_bitstream -jobs 4
[Wed Jun 17 13:08:44 2020] Launched synth_1...
Run output will be captured here: C:/Users/HP/Desktop/Vivado Projects/digital_lock_v_2.0/digital_lock_v_2.0.runs/synth_1/runme.log
[Wed Jun 17 13:08:44 2020] Launched impl_1...
Run output will be captured here: C:/Users/HP/Desktop/Vivado Projects/digital_lock_v_2.0/digital_lock_v_2.0.runs/impl_1/runme.log
set_property PROBES.FILE {} [get_hw_devices xc7a100t_0]
set_property FULL_PROBES.FILE {} [get_hw_devices xc7a100t_0]
set_property PROGRAM.FILE {C:/Users/HP/Desktop/Vivado Projects/digital_lock_v_2.0/digital_lock_v_2.0.runs/impl_1/digital_safe2.bit} [get_hw_devices xc7a100t_0]
program_hw_devices [get_hw_devices xc7a100t_0]
INFO: [Labtools 27-3164] End of startup status: HIGH
refresh_hw_device [lindex [get_hw_devices xc7a100t_0] 0]
INFO: [Labtools 27-1434] Device xc7a100t (JTAG device index = 0) is programmed with a design that has no supported debug core(s) in it.
reset_run synth_1
launch_runs impl_1 -to_step write_bitstream -jobs 4
[Wed Jun 17 13:13:05 2020] Launched synth_1...
Run output will be captured here: C:/Users/HP/Desktop/Vivado Projects/digital_lock_v_2.0/digital_lock_v_2.0.runs/synth_1/runme.log
[Wed Jun 17 13:13:05 2020] Launched impl_1...
Run output will be captured here: C:/Users/HP/Desktop/Vivado Projects/digital_lock_v_2.0/digital_lock_v_2.0.runs/impl_1/runme.log
reset_run synth_1
launch_runs impl_1 -to_step write_bitstream -jobs 4
[Wed Jun 17 13:16:19 2020] Launched synth_1...
Run output will be captured here: C:/Users/HP/Desktop/Vivado Projects/digital_lock_v_2.0/digital_lock_v_2.0.runs/synth_1/runme.log
[Wed Jun 17 13:16:19 2020] Launched impl_1...
Run output will be captured here: C:/Users/HP/Desktop/Vivado Projects/digital_lock_v_2.0/digital_lock_v_2.0.runs/impl_1/runme.log
reset_run synth_1
launch_runs impl_1 -to_step write_bitstream -jobs 4
[Wed Jun 17 13:18:32 2020] Launched synth_1...
Run output will be captured here: C:/Users/HP/Desktop/Vivado Projects/digital_lock_v_2.0/digital_lock_v_2.0.runs/synth_1/runme.log
[Wed Jun 17 13:18:32 2020] Launched impl_1...
Run output will be captured here: C:/Users/HP/Desktop/Vivado Projects/digital_lock_v_2.0/digital_lock_v_2.0.runs/impl_1/runme.log
reset_run synth_1
launch_runs impl_1 -to_step write_bitstream -jobs 4
[Wed Jun 17 13:20:01 2020] Launched synth_1...
Run output will be captured here: C:/Users/HP/Desktop/Vivado Projects/digital_lock_v_2.0/digital_lock_v_2.0.runs/synth_1/runme.log
[Wed Jun 17 13:20:01 2020] Launched impl_1...
Run output will be captured here: C:/Users/HP/Desktop/Vivado Projects/digital_lock_v_2.0/digital_lock_v_2.0.runs/impl_1/runme.log
set_property PROBES.FILE {} [get_hw_devices xc7a100t_0]
set_property FULL_PROBES.FILE {} [get_hw_devices xc7a100t_0]
set_property PROGRAM.FILE {C:/Users/HP/Desktop/Vivado Projects/digital_lock_v_2.0/digital_lock_v_2.0.runs/impl_1/digital_safe2.bit} [get_hw_devices xc7a100t_0]
program_hw_devices [get_hw_devices xc7a100t_0]
INFO: [Labtools 27-3164] End of startup status: HIGH
refresh_hw_device [lindex [get_hw_devices xc7a100t_0] 0]
INFO: [Labtools 27-1434] Device xc7a100t (JTAG device index = 0) is programmed with a design that has no supported debug core(s) in it.
reset_run synth_1
launch_runs impl_1 -to_step write_bitstream -jobs 4
[Wed Jun 17 13:23:52 2020] Launched synth_1...
Run output will be captured here: C:/Users/HP/Desktop/Vivado Projects/digital_lock_v_2.0/digital_lock_v_2.0.runs/synth_1/runme.log
[Wed Jun 17 13:23:52 2020] Launched impl_1...
Run output will be captured here: C:/Users/HP/Desktop/Vivado Projects/digital_lock_v_2.0/digital_lock_v_2.0.runs/impl_1/runme.log
set_property PROBES.FILE {} [get_hw_devices xc7a100t_0]
set_property FULL_PROBES.FILE {} [get_hw_devices xc7a100t_0]
set_property PROGRAM.FILE {C:/Users/HP/Desktop/Vivado Projects/digital_lock_v_2.0/digital_lock_v_2.0.runs/impl_1/digital_safe2.bit} [get_hw_devices xc7a100t_0]
program_hw_devices [get_hw_devices xc7a100t_0]
INFO: [Labtools 27-3164] End of startup status: HIGH
refresh_hw_device [lindex [get_hw_devices xc7a100t_0] 0]
INFO: [Labtools 27-1434] Device xc7a100t (JTAG device index = 0) is programmed with a design that has no supported debug core(s) in it.
reset_run synth_1
launch_runs impl_1 -to_step write_bitstream -jobs 4
[Wed Jun 17 13:29:24 2020] Launched synth_1...
Run output will be captured here: C:/Users/HP/Desktop/Vivado Projects/digital_lock_v_2.0/digital_lock_v_2.0.runs/synth_1/runme.log
[Wed Jun 17 13:29:24 2020] Launched impl_1...
Run output will be captured here: C:/Users/HP/Desktop/Vivado Projects/digital_lock_v_2.0/digital_lock_v_2.0.runs/impl_1/runme.log
set_property PROBES.FILE {} [get_hw_devices xc7a100t_0]
set_property FULL_PROBES.FILE {} [get_hw_devices xc7a100t_0]
set_property PROGRAM.FILE {C:/Users/HP/Desktop/Vivado Projects/digital_lock_v_2.0/digital_lock_v_2.0.runs/impl_1/digital_safe2.bit} [get_hw_devices xc7a100t_0]
program_hw_devices [get_hw_devices xc7a100t_0]
INFO: [Labtools 27-3164] End of startup status: HIGH
refresh_hw_device [lindex [get_hw_devices xc7a100t_0] 0]
INFO: [Labtools 27-1434] Device xc7a100t (JTAG device index = 0) is programmed with a design that has no supported debug core(s) in it.
reset_run synth_1
launch_runs impl_1 -to_step write_bitstream -jobs 4
[Wed Jun 17 13:33:30 2020] Launched synth_1...
Run output will be captured here: C:/Users/HP/Desktop/Vivado Projects/digital_lock_v_2.0/digital_lock_v_2.0.runs/synth_1/runme.log
[Wed Jun 17 13:33:30 2020] Launched impl_1...
Run output will be captured here: C:/Users/HP/Desktop/Vivado Projects/digital_lock_v_2.0/digital_lock_v_2.0.runs/impl_1/runme.log
set_property PROBES.FILE {} [get_hw_devices xc7a100t_0]
set_property FULL_PROBES.FILE {} [get_hw_devices xc7a100t_0]
set_property PROGRAM.FILE {C:/Users/HP/Desktop/Vivado Projects/digital_lock_v_2.0/digital_lock_v_2.0.runs/impl_1/digital_safe2.bit} [get_hw_devices xc7a100t_0]
program_hw_devices [get_hw_devices xc7a100t_0]
INFO: [Labtools 27-3164] End of startup status: HIGH
refresh_hw_device [lindex [get_hw_devices xc7a100t_0] 0]
INFO: [Labtools 27-1434] Device xc7a100t (JTAG device index = 0) is programmed with a design that has no supported debug core(s) in it.
reset_run synth_1
launch_runs impl_1 -to_step write_bitstream -jobs 4
[Wed Jun 17 13:38:08 2020] Launched synth_1...
Run output will be captured here: C:/Users/HP/Desktop/Vivado Projects/digital_lock_v_2.0/digital_lock_v_2.0.runs/synth_1/runme.log
[Wed Jun 17 13:38:08 2020] Launched impl_1...
Run output will be captured here: C:/Users/HP/Desktop/Vivado Projects/digital_lock_v_2.0/digital_lock_v_2.0.runs/impl_1/runme.log
set_property PROBES.FILE {} [get_hw_devices xc7a100t_0]
set_property FULL_PROBES.FILE {} [get_hw_devices xc7a100t_0]
set_property PROGRAM.FILE {C:/Users/HP/Desktop/Vivado Projects/digital_lock_v_2.0/digital_lock_v_2.0.runs/impl_1/digital_safe2.bit} [get_hw_devices xc7a100t_0]
program_hw_devices [get_hw_devices xc7a100t_0]
INFO: [Labtools 27-3164] End of startup status: HIGH
refresh_hw_device [lindex [get_hw_devices xc7a100t_0] 0]
INFO: [Labtools 27-1434] Device xc7a100t (JTAG device index = 0) is programmed with a design that has no supported debug core(s) in it.
set_property PROBES.FILE {} [get_hw_devices xc7a100t_0]
set_property FULL_PROBES.FILE {} [get_hw_devices xc7a100t_0]
set_property PROGRAM.FILE {C:/Users/HP/Desktop/Vivado Projects/digital_lock_v_2.0/digital_lock_v_2.0.runs/impl_1/digital_safe2.bit} [get_hw_devices xc7a100t_0]
program_hw_devices [get_hw_devices xc7a100t_0]
INFO: [Labtools 27-3164] End of startup status: HIGH
refresh_hw_device [lindex [get_hw_devices xc7a100t_0] 0]
INFO: [Labtools 27-1434] Device xc7a100t (JTAG device index = 0) is programmed with a design that has no supported debug core(s) in it.
reset_run synth_1
launch_runs impl_1 -to_step write_bitstream -jobs 4
[Wed Jun 17 13:42:51 2020] Launched synth_1...
Run output will be captured here: C:/Users/HP/Desktop/Vivado Projects/digital_lock_v_2.0/digital_lock_v_2.0.runs/synth_1/runme.log
[Wed Jun 17 13:42:51 2020] Launched impl_1...
Run output will be captured here: C:/Users/HP/Desktop/Vivado Projects/digital_lock_v_2.0/digital_lock_v_2.0.runs/impl_1/runme.log
set_property PROBES.FILE {} [get_hw_devices xc7a100t_0]
set_property FULL_PROBES.FILE {} [get_hw_devices xc7a100t_0]
set_property PROGRAM.FILE {C:/Users/HP/Desktop/Vivado Projects/digital_lock_v_2.0/digital_lock_v_2.0.runs/impl_1/digital_safe2.bit} [get_hw_devices xc7a100t_0]
program_hw_devices [get_hw_devices xc7a100t_0]
INFO: [Labtools 27-3164] End of startup status: HIGH
refresh_hw_device [lindex [get_hw_devices xc7a100t_0] 0]
INFO: [Labtools 27-1434] Device xc7a100t (JTAG device index = 0) is programmed with a design that has no supported debug core(s) in it.
reset_run synth_1
launch_runs impl_1 -to_step write_bitstream -jobs 4
[Wed Jun 17 13:47:01 2020] Launched synth_1...
Run output will be captured here: C:/Users/HP/Desktop/Vivado Projects/digital_lock_v_2.0/digital_lock_v_2.0.runs/synth_1/runme.log
[Wed Jun 17 13:47:01 2020] Launched impl_1...
Run output will be captured here: C:/Users/HP/Desktop/Vivado Projects/digital_lock_v_2.0/digital_lock_v_2.0.runs/impl_1/runme.log
reset_run synth_1
launch_runs impl_1 -to_step write_bitstream -jobs 4
[Wed Jun 17 13:48:23 2020] Launched synth_1...
Run output will be captured here: C:/Users/HP/Desktop/Vivado Projects/digital_lock_v_2.0/digital_lock_v_2.0.runs/synth_1/runme.log
[Wed Jun 17 13:48:23 2020] Launched impl_1...
Run output will be captured here: C:/Users/HP/Desktop/Vivado Projects/digital_lock_v_2.0/digital_lock_v_2.0.runs/impl_1/runme.log
ERROR: [Labtoolstcl 44-513] HW Target shutdown. Closing target: localhost:3121/xilinx_tcf/Digilent/210292AA76D5A
exit
INFO: [Common 17-206] Exiting Vivado at Wed Jun 17 13:50:02 2020...
